c:\users\kingl\onedrive\documents\cse231\chesslab\x64\debug\vc143.pdb
c:\users\kingl\onedrive\documents\cse231\chesslab\x64\debug\vc143.idb
c:\users\kingl\onedrive\documents\cse231\chesslab\x64\debug\uiinteract.obj
c:\users\kingl\onedrive\documents\cse231\chesslab\x64\debug\uidraw.obj
c:\users\kingl\onedrive\documents\cse231\chesslab\x64\debug\testposition.obj
c:\users\kingl\onedrive\documents\cse231\chesslab\x64\debug\testpawn.obj
c:\users\kingl\onedrive\documents\cse231\chesslab\x64\debug\testmove.obj
c:\users\kingl\onedrive\documents\cse231\chesslab\x64\debug\test.obj
c:\users\kingl\onedrive\documents\cse231\chesslab\x64\debug\position.obj
c:\users\kingl\onedrive\documents\cse231\chesslab\x64\debug\piece.obj
c:\users\kingl\onedrive\documents\cse231\chesslab\x64\debug\move.obj
c:\users\kingl\onedrive\documents\cse231\chesslab\x64\debug\chess.obj
c:\users\kingl\onedrive\documents\cse231\chesslab\x64\debug\board.obj
c:\users\kingl\onedrive\documents\cse231\chesslab\x64\debug\lab01.exe
c:\users\kingl\onedrive\documents\cse231\chesslab\x64\debug\lab01.ilk
c:\users\kingl\onedrive\documents\cse231\chesslab\x64\debug\lab01.pdb
c:\users\kingl\onedrive\documents\cse231\chesslab\x64\debug\testpiece.obj
c:\users\kingl\onedrive\documents\cse231\chesslab\x64\debug\testpiece.obj.enc
c:\users\kingl\onedrive\documents\cse231\chesslab\x64\debug\nativecodeanalysis.read.1.tlog
c:\users\kingl\onedrive\documents\cse231\chesslab\x64\debug\testpiece.nativecodeanalysis.xml
c:\users\kingl\onedrive\documents\cse231\chesslab\x64\debug\vc.nativecodeanalysis.all.xml
c:\users\kingl\onedrive\documents\cse231\chesslab\x64\debug\lab01.tlog\cl.command.1.tlog
c:\users\kingl\onedrive\documents\cse231\chesslab\x64\debug\lab01.tlog\cl.items.tlog
c:\users\kingl\onedrive\documents\cse231\chesslab\x64\debug\lab01.tlog\cl.read.1.tlog
c:\users\kingl\onedrive\documents\cse231\chesslab\x64\debug\lab01.tlog\cl.write.1.tlog
c:\users\kingl\onedrive\documents\cse231\chesslab\x64\debug\lab01.tlog\link.command.1.tlog
c:\users\kingl\onedrive\documents\cse231\chesslab\x64\debug\lab01.tlog\link.read.1.tlog
c:\users\kingl\onedrive\documents\cse231\chesslab\x64\debug\lab01.tlog\link.write.1.tlog
